# JRE version: OpenJDK Runtime Environment Corretto-17.0.7.7.1 (17.0.7+7) (build 17.0.7+7-LTS)
# Java VM: OpenJDK 64-Bit Server VM Corretto-17.0.7.7.1 (17.0.7+7-LTS, mixed mode, sharing, tiered, compressed oops, compressed class ptrs, g1 gc, windows-amd64)
GC Precious Log:
 CPUs: 12 total, 12 available
 Memory: 7914M
 Large Page Support: Disabled
 NUMA Support: Disabled
 Compressed Oops: Enabled (32-bit)
 Heap Region Size: 1M
 Heap Min Capacity: 8M
 Heap Initial Capacity: 124M
 Heap Max Capacity: 512M
 Pre-touch: Disabled
 Parallel Workers: 10
 Concurrent Workers: 3
 Concurrent Refinement Workers: 10
 Periodic GC: Disabled
Heap:
 garbage-first heap   total 55296K, used 31482K [0x00000000e0000000, 0x0000000100000000)
  region size 1024K, 5 young (5120K), 1 survivors (1024K)
 Metaspace       used 34078K, committed 34496K, reserved 1114112K
  class space    used 4406K, committed 4608K, reserved 1048576K
GC Heap History (18 events):
Event: 0.625 GC heap before
{Heap before GC invocations=0 (full 0):
 garbage-first heap   total 126976K, used 22528K [0x00000000e0000000, 0x0000000100000000)
  region size 1024K, 23 young (23552K), 0 survivors (0K)
 Metaspace       used 5650K, committed 5824K, reserved 1114112K
  class space    used 710K, committed 832K, reserved 1048576K
}
Event: 0.632 GC heap after
{Heap after GC invocations=1 (full 0):
 garbage-first heap   total 126976K, used 9256K [0x00000000e0000000, 0x0000000100000000)
  region size 1024K, 3 young (3072K), 3 survivors (3072K)
 Metaspace       used 5650K, committed 5824K, reserved 1114112K
  class space    used 710K, committed 832K, reserved 1048576K
}
Event: 1.021 GC heap before
{Heap before GC invocations=1 (full 0):
 garbage-first heap   total 126976K, used 25640K [0x00000000e0000000, 0x0000000100000000)
  region size 1024K, 19 young (19456K), 3 survivors (3072K)
 Metaspace       used 9038K, committed 9280K, reserved 1114112K
  class space    used 1179K, committed 1280K, reserved 1048576K
}
Event: 1.025 GC heap after
{Heap after GC invocations=2 (full 0):
 garbage-first heap   total 126976K, used 10530K [0x00000000e0000000, 0x0000000100000000)
  region size 1024K, 2 young (2048K), 2 survivors (2048K)
 Metaspace       used 9038K, committed 9280K, reserved 1114112K
  class space    used 1179K, committed 1280K, reserved 1048576K
}
Event: 1.997 GC heap before
{Heap before GC invocations=2 (full 0):
 garbage-first heap   total 126976K, used 57634K [0x00000000e0000000, 0x0000000100000000)
  region size 1024K, 48 young (49152K), 2 survivors (2048K)
 Metaspace       used 19672K, committed 20032K, reserved 1114112K
  class space    used 2540K, committed 2752K, reserved 1048576K
}
Event: 2.001 GC heap after
{Heap after GC invocations=3 (full 0):
 garbage-first heap   total 126976K, used 13823K [0x00000000e0000000, 0x0000000100000000)
  region size 1024K, 5 young (5120K), 5 survivors (5120K)
 Metaspace       used 19672K, committed 20032K, reserved 1114112K
  class space    used 2540K, committed 2752K, reserved 1048576K
}
Event: 2.140 GC heap before
{Heap before GC invocations=3 (full 0):
 garbage-first heap   total 126976K, used 19967K [0x00000000e0000000, 0x0000000100000000)
  region size 1024K, 12 young (12288K), 5 survivors (5120K)
 Metaspace       used 21125K, committed 21504K, reserved 1114112K
  class space    used 2727K, committed 2880K, reserved 1048576K
}
Event: 2.145 GC heap after
{Heap after GC invocations=4 (full 0):
 garbage-first heap   total 126976K, used 14186K [0x00000000e0000000, 0x0000000100000000)
  region size 1024K, 5 young (5120K), 5 survivors (5120K)
 Metaspace       used 21125K, committed 21504K, reserved 1114112K
  class space    used 2727K, committed 2880K, reserved 1048576K
}
Event: 2.818 GC heap before
{Heap before GC invocations=5 (full 0):
 garbage-first heap   total 55296K, used 40810K [0x00000000e0000000, 0x0000000100000000)
  region size 1024K, 32 young (32768K), 5 survivors (5120K)
 Metaspace       used 28765K, committed 29184K, reserved 1114112K
  class space    used 3685K, committed 3904K, reserved 1048576K
}
Event: 2.825 GC heap after
{Heap after GC invocations=6 (full 0):
 garbage-first heap   total 55296K, used 17408K [0x00000000e0000000, 0x0000000100000000)
  region size 1024K, 8 young (8192K), 8 survivors (8192K)
 Metaspace       used 28765K, committed 29184K, reserved 1114112K
  class space    used 3685K, committed 3904K, reserved 1048576K
}
Event: 2.841 GC heap before
{Heap before GC invocations=6 (full 0):
 garbage-first heap   total 55296K, used 18432K [0x00000000e0000000, 0x0000000100000000)
  region size 1024K, 9 young (9216K), 8 survivors (8192K)
 Metaspace       used 28985K, committed 29376K, reserved 1114112K
  class space    used 3718K, committed 3904K, reserved 1048576K
}
Event: 2.847 GC heap after
{Heap after GC invocations=7 (full 0):
 garbage-first heap   total 55296K, used 18075K [0x00000000e0000000, 0x0000000100000000)
  region size 1024K, 2 young (2048K), 2 survivors (2048K)
 Metaspace       used 28985K, committed 29376K, reserved 1114112K
  class space    used 3718K, committed 3904K, reserved 1048576K
}
Event: 5.802 GC heap before
{Heap before GC invocations=7 (full 0):
 garbage-first heap   total 55296K, used 41627K [0x00000000e0000000, 0x0000000100000000)
  region size 1024K, 20 young (20480K), 2 survivors (2048K)
 Metaspace       used 32862K, committed 33216K, reserved 1114112K
  class space    used 4267K, committed 4416K, reserved 1048576K
}
Event: 5.804 GC heap after
{Heap after GC invocations=8 (full 0):
 garbage-first heap   total 55296K, used 23496K [0x00000000e0000000, 0x0000000100000000)
  region size 1024K, 2 young (2048K), 2 survivors (2048K)
 Metaspace       used 32862K, committed 33216K, reserved 1114112K
  class space    used 4267K, committed 4416K, reserved 1048576K
}
Event: 8.076 GC heap before
{Heap before GC invocations=8 (full 0):
 garbage-first heap   total 55296K, used 38856K [0x00000000e0000000, 0x0000000100000000)
  region size 1024K, 18 young (18432K), 2 survivors (2048K)
 Metaspace       used 33798K, committed 34176K, reserved 1114112K
  class space    used 4381K, committed 4544K, reserved 1048576K
}
Event: 8.077 GC heap after
{Heap after GC invocations=9 (full 0):
 garbage-first heap   total 55296K, used 24037K [0x00000000e0000000, 0x0000000100000000)
  region size 1024K, 2 young (2048K), 2 survivors (2048K)
 Metaspace       used 33798K, committed 34176K, reserved 1114112K
  class space    used 4381K, committed 4544K, reserved 1048576K
}
Event: 8.153 GC heap before
{Heap before GC invocations=9 (full 0):
 garbage-first heap   total 55296K, used 26085K [0x00000000e0000000, 0x0000000100000000)
  region size 1024K, 5 young (5120K), 2 survivors (2048K)
 Metaspace       used 34002K, committed 34432K, reserved 1114112K
  class space    used 4400K, committed 4608K, reserved 1048576K
}
Event: 8.156 GC heap after
{Heap after GC invocations=10 (full 0):
 garbage-first heap   total 55296K, used 24314K [0x00000000e0000000, 0x0000000100000000)
  region size 1024K, 1 young (1024K), 1 survivors (1024K)
 Metaspace       used 34002K, committed 34432K, reserved 1114112K
  class space    used 4400K, committed 4608K, reserved 1048576K
}

