<?xml version="1.0" encoding="UTF-8" standalone="no"?>
<testsuite errors="0" failures="0" name="io.cucumber.core.plugin.JUnitFormatter" skipped="0" tests="8" time="28.004">
    <testcase classname="Validate checkout flow on SwagLabs page" name="Validate checkout flow" time="4.416">
        <system-out><![CDATA[Given I navigate to SauceLab demo page Chrome...............................passed
When type the username standard_user with password secret_sauce.............passed
And press the login button..................................................passed
And sort products from most expensive to cheapest...........................passed
And add product to the cart.................................................passed
And add product to the cart.................................................passed
And checkout information....................................................passed
Then finish checkout........................................................passed
]]></system-out>
    </testcase>
    <testcase classname="Validate checkout flow on SwagLabs page" name="Validate checkout flow 2" time="5.804">
        <system-out><![CDATA[Given I navigate to SauceLab demo page Firefox..............................passed
When type the username standard_user with password secret_sauce.............passed
And press the login button..................................................passed
And sort products from most expensive to cheapest...........................passed
And add product to the cart.................................................passed
And add product to the cart.................................................passed
And checkout information....................................................passed
Then finish checkout........................................................passed
]]></system-out>
    </testcase>
    <testcase classname="Invalid user login" name="Invalid user" time="2.012">
        <system-out><![CDATA[Given I navigate to SauceLab demo page Chrome...............................passed
When type the username standard_use with password secret_sauce..............passed
And press the login button..................................................passed
Then verify user login was not successful...................................passed
]]></system-out>
    </testcase>
    <testcase classname="Invalid user login" name="Invalid user 2" time="1.986">
        <system-out><![CDATA[Given I navigate to SauceLab demo page Chrome...............................passed
When type the username standard_user with password secretsauce..............passed
And press the login button..................................................passed
Then verify user login was not successful...................................passed
]]></system-out>
    </testcase>
    <testcase classname="Invalid user login" name="Invalid user 3" time="3.755">
        <system-out><![CDATA[Given I navigate to SauceLab demo page Firefox..............................passed
When type the username standard_use with password secret_sauce..............passed
And press the login button..................................................passed
Then verify user login was not successful...................................passed
]]></system-out>
    </testcase>
    <testcase classname="Invalid user login" name="Invalid user 4" time="3.627">
        <system-out><![CDATA[Given I navigate to SauceLab demo page Firefox..............................passed
When type the username standard_user with password secretsauce..............passed
And press the login button..................................................passed
Then verify user login was not successful...................................passed
]]></system-out>
    </testcase>
    <testcase classname="Successful login" name="Validate successful login to Sauce Lab demo app" time="2.022">
        <system-out><![CDATA[Given I navigate to SauceLab demo page Chrome...............................passed
When type the username standard_user with password secret_sauce.............passed
And press the login button..................................................passed
Then verify that the user successfully logged in............................passed
]]></system-out>
    </testcase>
    <testcase classname="Successful login" name="Validate successful login to Sauce Lab demo app 2" time="4.031">
        <system-out><![CDATA[Given I navigate to SauceLab demo page Firefox..............................passed
When type the username standard_user with password secret_sauce.............passed
And press the login button..................................................passed
Then verify that the user successfully logged in............................passed
]]></system-out>
    </testcase>
</testsuite>
